-------------------------------------------------------------------------------
Test set: model.database.DBConnectionTest
-------------------------------------------------------------------------------
Tests run: 5, Failures: 0, Errors: 0, Skipped: 0, Time elapsed: 0.876 sec - in model.database.DBConnectionTest


-------------------------------------------------------------------------------
Test set: model.database.DBPropertiesTest
-------------------------------------------------------------------------------
Tests run: 2, Failures: 0, Errors: 0, Skipped: 0, Time elapsed: 0.067 sec - in model.database.DBPropertiesTest


-------------------------------------------------------------------------------
Test set: model.elements.AITest
-------------------------------------------------------------------------------
Tests run: 1, Failures: 0, Errors: 0, Skipped: 0, Time elapsed: 0.001 sec - in model.elements.AITest


-------------------------------------------------------------------------------
Test set: model.elements.DoorTest
-------------------------------------------------------------------------------
Tests run: 5, Failures: 0, Errors: 0, Skipped: 0, Time elapsed: 0.008 sec - in model.elements.DoorTest


-------------------------------------------------------------------------------
Test set: model.elements.ElementTest
-------------------------------------------------------------------------------
Tests run: 5, Failures: 0, Errors: 0, Skipped: 0, Time elapsed: 0.006 sec - in model.elements.ElementTest


-------------------------------------------------------------------------------
Test set: model.elements.EntityTest
-------------------------------------------------------------------------------
Tests run: 2, Failures: 0, Errors: 0, Skipped: 0, Time elapsed: 0 sec - in model.elements.EntityTest


-------------------------------------------------------------------------------
Test set: model.elements.LifeBubbleTest
-------------------------------------------------------------------------------
Tests run: 1, Failures: 0, Errors: 0, Skipped: 0, Time elapsed: 0 sec - in model.elements.LifeBubbleTest


-------------------------------------------------------------------------------
Test set: model.elements.MoneyTest
-------------------------------------------------------------------------------
Tests run: 1, Failures: 0, Errors: 0, Skipped: 0, Time elapsed: 0.002 sec - in model.elements.MoneyTest


-------------------------------------------------------------------------------
Test set: model.elements.MonsterTest
-------------------------------------------------------------------------------
Tests run: 3, Failures: 0, Errors: 0, Skipped: 0, Time elapsed: 0.011 sec - in model.elements.MonsterTest


-------------------------------------------------------------------------------
Test set: model.elements.WallTest
-------------------------------------------------------------------------------
Tests run: 1, Failures: 0, Errors: 0, Skipped: 0, Time elapsed: 0.002 sec - in model.elements.WallTest


-------------------------------------------------------------------------------
Test set: model.LevelTest
-------------------------------------------------------------------------------
Tests run: 9, Failures: 0, Errors: 0, Skipped: 0, Time elapsed: 0.147 sec - in model.LevelTest


-------------------------------------------------------------------------------
Test set: model.ModelTest
-------------------------------------------------------------------------------
Tests run: 8, Failures: 0, Errors: 0, Skipped: 0, Time elapsed: 0.321 sec - in model.ModelTest
