-------------------------------------------------------------------------------
Test set: controller.AIManagerTest
-------------------------------------------------------------------------------
Tests run: 7, Failures: 0, Errors: 0, Skipped: 0, Time elapsed: 0.005 sec - in controller.AIManagerTest
-------------------------------------------------------------------------------
Test set: controller.CollisionManagerTest
-------------------------------------------------------------------------------
Tests run: 6, Failures: 0, Errors: 0, Skipped: 0, Time elapsed: 0.062 sec - in controller.CollisionManagerTest
-------------------------------------------------------------------------------
Test set: controller.HeroManagerTest
-------------------------------------------------------------------------------
Tests run: 9, Failures: 0, Errors: 0, Skipped: 0, Time elapsed: 0.014 sec - in controller.HeroManagerTest
-------------------------------------------------------------------------------
Test set: controller.MoveManagerTest
-------------------------------------------------------------------------------
Tests run: 9, Failures: 0, Errors: 0, Skipped: 0, Time elapsed: 0.011 sec - in controller.MoveManagerTest
